#
# There is insufficient memory for the Java Runtime Environment to continue.
# Native memory allocation (malloc) failed to allocate 33554432 bytes for committing reserved memory.
# Possible reasons:
#   The system is out of physical RAM or swap space
#   In 32 bit mode, the process size limit was hit
# Possible solutions:
#   Reduce memory load on the system
#   Increase physical memory or swap space
#   Check if swap backing store is full
#   Use 64 bit Java on a 64 bit OS
#   Decrease Java heap size (-Xmx/-Xms)
#   Decrease number of Java threads
#   Decrease Java thread stack sizes (-Xss)
#   Set larger code cache with -XX:ReservedCodeCacheSize=
# This output file may be truncated or incomplete.
#
#  Out of Memory Error (os_linux.cpp:2718), pid=13550, tid=1858075456
#
# JRE version: Java(TM) SE Runtime Environment (7.0_40-b43) (build 1.7.0_40-b43)
# Java VM: Java HotSpot(TM) Server VM (24.0-b56 mixed mode linux-x86 )
# Failed to write core dump. Core dumps have been disabled. To enable core dumping, try "ulimit -c unlimited" before starting Java again
#

---------------  T H R E A D  ---------------

Current thread (0x6ec80800):  VMThread [stack: 0x6eb7f000,0x6ec00000] [id=13561]

Stack: [0x6eb7f000,0x6ec00000],  sp=0x6ebfe9e0,  free space=510k
Native frames: (J=compiled Java code, j=interpreted, Vv=VM code, C=native code)
V  [libjvm.so+0x7dc0e6]  VMError::report_and_die()+0x1a6
V  [libjvm.so+0x33a5e2]  report_vm_out_of_memory(char const*, int, unsigned int, char const*)+0x72
V  [libjvm.so+0x67b4c1]  os::Linux::commit_memory_impl(char*, unsigned int, bool)+0xe1
V  [libjvm.so+0x67b917]  os::Linux::commit_memory_impl(char*, unsigned int, unsigned int, bool)+0x47
V  [libjvm.so+0x67badd]  os::pd_commit_memory(char*, unsigned int, unsigned int, bool)+0x1d
V  [libjvm.so+0x67552c]  os::commit_memory(char*, unsigned int, unsigned int, bool)+0x2c
V  [libjvm.so+0x6dea18]  PSVirtualSpace::expand_by(unsigned int)+0x48
V  [libjvm.so+0x6dfb1a]  PSYoungGen::resize_generation(unsigned int, unsigned int)+0xda
V  [libjvm.so+0x6dee59]  PSYoungGen::resize(unsigned int, unsigned int)+0x19
V  [libjvm.so+0x6dcbbb]  PSScavenge::invoke_no_policy()+0x105b
V  [libjvm.so+0x6dcfe8]  PSScavenge::invoke()+0x28
V  [libjvm.so+0x69b24a]  ParallelScavengeHeap::failed_mem_allocate(unsigned int)+0x5a
V  [libjvm.so+0x7dd98a]  VM_ParallelGCFailedAllocation::doit()+0x7a
V  [libjvm.so+0x7e6747]  VM_Operation::evaluate()+0x47
V  [libjvm.so+0x7e4843]  VMThread::evaluate_operation(VM_Operation*)+0xb3
V  [libjvm.so+0x7e4be0]  VMThread::loop()+0x1b0
V  [libjvm.so+0x7e5045]  VMThread::run()+0x85
V  [libjvm.so+0x67d999]  java_start(Thread*)+0x119
C  [libpthread.so.0+0x6d4c]  start_thread+0xcc

VM_Operation (0xb67e9c74): ParallelGCFailedAllocation, mode: safepoint, requested by thread 0xb6607c00


---------------  P R O C E S S  ---------------

Java Threads: ( => current thread )
  0x6ec9a400 JavaThread "Service Thread" daemon [_thread_blocked, id=13567, stack(0x6e92e000,0x6e97f000)]
  0x6ec98800 JavaThread "C2 CompilerThread1" daemon [_thread_blocked, id=13566, stack(0x6e41a000,0x6e49b000)]
  0x6ec96800 JavaThread "C2 CompilerThread0" daemon [_thread_blocked, id=13565, stack(0x6e97f000,0x6ea00000)]
  0x6ec95000 JavaThread "Signal Dispatcher" daemon [_thread_blocked, id=13564, stack(0x6eb2e000,0x6eb7f000)]
  0x6ec84800 JavaThread "Finalizer" daemon [_thread_blocked, id=13563, stack(0x6ed2c000,0x6ed7d000)]
  0x6ec82000 JavaThread "Reference Handler" daemon [_thread_blocked, id=13562, stack(0x7152e000,0x7157f000)]
  0xb6607c00 JavaThread "main" [_thread_blocked, id=13556, stack(0xb679a000,0xb67eb000)]

Other Threads:
=>0x6ec80800 VMThread [stack: 0x6eb7f000,0x6ec00000] [id=13561]
  0x6ec9c400 WatcherThread [stack: 0x6e399000,0x6e41a000] [id=13568]

VM state:at safepoint (normal execution)

VM Mutex/Monitor currently owned by a thread:  ([mutex/lock_event])
[0xb6605380] Threads_lock - owner thread: 0x6ec80800
[0xb6605790] Heap_lock - owner thread: 0xb6607c00

Heap
 PSYoungGen      total 135936K, used 57817K [0x9edc0000, 0xaba80000, 0xb3540000)
  eden space 78080K, 0% used [0x9edc0000,0x9edc0000,0xa3a00000)
  from space 57856K, 99% used [0xa8200000,0xaba765b8,0xaba80000)
  to   space 56832K, 0% used [0xa3a00000,0xa3a00000,0xa7180000)
 ParOldGen       total 190208K, used 178885K [0x75f40000, 0x81900000, 0x9edc0000)
  object space 190208K, 94% used [0x75f40000,0x80df1710,0x81900000)
 PSPermGen       total 16384K, used 4471K [0x71f40000, 0x72f40000, 0x75f40000)
  object space 16384K, 27% used [0x71f40000,0x7239de20,0x72f40000)

Card table byte_map: [0x71d34000,0x71f40000] byte_map_base: 0x719a4600

Polling page: 0xb76fa000

Code Cache  [0xb3600000, 0xb3840000, 0xb6600000)
 total_blobs=471 nmethods=347 adapters=77 free_code_cache=47670Kb largest_free_block=48755584

Compilation events (10 events):
Event: 9.750 Thread 0x6ec98800 nmethod 364 0xb3693b08 code [0xb3693c00, 0xb3693d10]
Event: 9.750 Thread 0x6ec98800  365             java.lang.CharacterDataLatin1::getType (11 bytes)
Event: 9.751 Thread 0x6ec98800 nmethod 365 0xb3663508 code [0xb3663600, 0xb3663670]
Event: 9.843 Thread 0x6ec96800 nmethod 361 0xb3775048 code [0xb3775740, 0xb37796e4]
Event: 10.035 Thread 0x6ec98800  366             java.util.ArrayList::isEmpty (13 bytes)
Event: 10.035 Thread 0x6ec98800 nmethod 366 0xb36a3b48 code [0xb36a3c20, 0xb36a3c70]
Event: 10.037 Thread 0x6ec96800  367             java.util.regex.Pattern$LastNode::match (45 bytes)
Event: 10.037 Thread 0x6ec96800 nmethod 367 0xb3663288 code [0xb3663380, 0xb3663430]
Event: 10.039 Thread 0x6ec98800  368             edu.stanford.nlp.trees.tregex.CoordinationPattern::access$000 (5 bytes)
Event: 10.039 Thread 0x6ec98800 nmethod 368 0xb36630c8 code [0xb36631c0, 0xb3663210]

GC Heap History (10 events):
Event: 5.705 GC heap after
Heap after GC invocations=10 (full 3):
 PSYoungGen      total 84992K, used 35932K [0x9edc0000, 0xa8900000, 0xb3540000)
  eden space 45568K, 0% used [0x9edc0000,0x9edc0000,0xa1a40000)
  from space 39424K, 91% used [0xa1a40000,0xa3d57138,0xa40c0000)
  to   space 44544K, 0% used [0xa5d80000,0xa5d80000,0xa8900000)
 ParOldGen       total 190208K, used 101792K [0x75f40000, 0x81900000, 0x9edc0000)
  object space 190208K, 53% used [0x75f40000,0x7c2a8330,0x81900000)
 PSPermGen       total 16384K, used 4448K [0x71f40000, 0x72f40000, 0x75f40000)
  object space 16384K, 27% used [0x71f40000,0x72398108,0x72f40000)
}
Event: 6.616 GC heap before
{Heap before GC invocations=11 (full 3):
 PSYoungGen      total 84992K, used 81491K [0x9edc0000, 0xa8900000, 0xb3540000)
  eden space 45568K, 99% used [0x9edc0000,0xa1a3de68,0xa1a40000)
  from space 39424K, 91% used [0xa1a40000,0xa3d57138,0xa40c0000)
  to   space 44544K, 0% used [0xa5d80000,0xa5d80000,0xa8900000)
 ParOldGen       total 190208K, used 101792K [0x75f40000, 0x81900000, 0x9edc0000)
  object space 190208K, 53% used [0x75f40000,0x7c2a8330,0x81900000)
 PSPermGen       total 16384K, used 4456K [0x71f40000, 0x72f40000, 0x75f40000)
  object space 16384K, 27% used [0x71f40000,0x7239a2d8,0x72f40000)
Event: 6.622 GC heap after
Heap after GC invocations=11 (full 3):
 PSYoungGen      total 106240K, used 14110K [0x9edc0000, 0xa8400000, 0xb3540000)
  eden space 66816K, 0% used [0x9edc0000,0x9edc0000,0xa2f00000)
  from space 39424K, 35% used [0xa5d80000,0xa6b479b0,0xa8400000)
  to   space 43520K, 0% used [0xa2f00000,0xa2f00000,0xa5980000)
 ParOldGen       total 190208K, used 101792K [0x75f40000, 0x81900000, 0x9edc0000)
  object space 190208K, 53% used [0x75f40000,0x7c2a8330,0x81900000)
 PSPermGen       total 16384K, used 4456K [0x71f40000, 0x72f40000, 0x75f40000)
  object space 16384K, 27% used [0x71f40000,0x7239a2d8,0x72f40000)
}
Event: 6.853 GC heap before
{Heap before GC invocations=12 (full 3):
 PSYoungGen      total 106240K, used 80925K [0x9edc0000, 0xa8400000, 0xb3540000)
  eden space 66816K, 99% used [0x9edc0000,0xa2effd08,0xa2f00000)
  from space 39424K, 35% used [0xa5d80000,0xa6b479b0,0xa8400000)
  to   space 43520K, 0% used [0xa2f00000,0xa2f00000,0xa5980000)
 ParOldGen       total 190208K, used 101792K [0x75f40000, 0x81900000, 0x9edc0000)
  object space 190208K, 53% used [0x75f40000,0x7c2a8330,0x81900000)
 PSPermGen       total 16384K, used 4460K [0x71f40000, 0x72f40000, 0x75f40000)
  object space 16384K, 27% used [0x71f40000,0x7239b120,0x72f40000)
Event: 6.876 GC heap after
Heap after GC invocations=12 (full 3):
 PSYoungGen      total 110336K, used 43482K [0x9edc0000, 0xaa240000, 0xb3540000)
  eden space 66816K, 0% used [0x9edc0000,0x9edc0000,0xa2f00000)
  from space 43520K, 99% used [0xa2f00000,0xa5976910,0xa5980000)
  to   space 49920K, 0% used [0xa7180000,0xa7180000,0xaa240000)
 ParOldGen       total 190208K, used 116260K [0x75f40000, 0x81900000, 0x9edc0000)
  object space 190208K, 61% used [0x75f40000,0x7d0c9180,0x81900000)
 PSPermGen       total 16384K, used 4460K [0x71f40000, 0x72f40000, 0x75f40000)
  object space 16384K, 27% used [0x71f40000,0x7239b120,0x72f40000)
}
Event: 8.116 GC heap before
{Heap before GC invocations=13 (full 3):
 PSYoungGen      total 110336K, used 110281K [0x9edc0000, 0xaa240000, 0xb3540000)
  eden space 66816K, 99% used [0x9edc0000,0xa2efbe00,0xa2f00000)
  from space 43520K, 99% used [0xa2f00000,0xa5976910,0xa5980000)
  to   space 49920K, 0% used [0xa7180000,0xa7180000,0xaa240000)
 ParOldGen       total 190208K, used 116260K [0x75f40000, 0x81900000, 0x9edc0000)
  object space 190208K, 61% used [0x75f40000,0x7d0c9180,0x81900000)
 PSPermGen       total 16384K, used 4463K [0x71f40000, 0x72f40000, 0x75f40000)
  object space 16384K, 27% used [0x71f40000,0x7239bd10,0x72f40000)
Event: 8.137 GC heap after
Heap after GC invocations=13 (full 3):
 PSYoungGen      total 128000K, used 49906K [0x9edc0000, 0xaad80000, 0xb3540000)
  eden space 78080K, 0% used [0x9edc0000,0x9edc0000,0xa3a00000)
  from space 49920K, 99% used [0xa7180000,0xaa23cab8,0xaa240000)
  to   space 56832K, 0% used [0xa3a00000,0xa3a00000,0xa7180000)
 ParOldGen       total 190208K, used 121015K [0x75f40000, 0x81900000, 0x9edc0000)
  object space 190208K, 63% used [0x75f40000,0x7d56ddd0,0x81900000)
 PSPermGen       total 16384K, used 4463K [0x71f40000, 0x72f40000, 0x75f40000)
  object space 16384K, 27% used [0x71f40000,0x7239bd10,0x72f40000)
}
Event: 10.064 GC heap before
{Heap before GC invocations=14 (full 3):
 PSYoungGen      total 128000K, used 127952K [0x9edc0000, 0xaad80000, 0xb3540000)
  eden space 78080K, 99% used [0x9edc0000,0xa39f7598,0xa3a00000)
  from space 49920K, 99% used [0xa7180000,0xaa23cab8,0xaa240000)
  to   space 56832K, 0% used [0xa3a00000,0xa3a00000,0xa7180000)
 ParOldGen       total 190208K, used 121015K [0x75f40000, 0x81900000, 0x9edc0000)
  object space 190208K, 63% used [0x75f40000,0x7d56ddd0,0x81900000)
 PSPermGen       total 16384K, used 4471K [0x71f40000, 0x72f40000, 0x75f40000)
  object space 16384K, 27% used [0x71f40000,0x7239de20,0x72f40000)
Event: 10.090 GC heap after
Heap after GC invocations=14 (full 3):
 PSYoungGen      total 134912K, used 37664K [0x9edc0000, 0xaba80000, 0xb3540000)
  eden space 78080K, 0% used [0x9edc0000,0x9edc0000,0xa3a00000)
  from space 56832K, 66% used [0xa3a00000,0xa5ec8388,0xa7180000)
  to   space 57856K, 0% used [0xa8200000,0xa8200000,0xaba80000)
 ParOldGen       total 190208K, used 121015K [0x75f40000, 0x81900000, 0x9edc0000)
  object space 190208K, 63% used [0x75f40000,0x7d56ddd0,0x81900000)
 PSPermGen       total 16384K, used 4471K [0x71f40000, 0x72f40000, 0x75f40000)
  object space 16384K, 27% used [0x71f40000,0x7239de20,0x72f40000)
}
Event: 10.108 GC heap before
{Heap before GC invocations=15 (full 3):
 PSYoungGen      total 134912K, used 115720K [0x9edc0000, 0xaba80000, 0xb3540000)
  eden space 78080K, 99% used [0x9edc0000,0xa39f9ee0,0xa3a00000)
  from space 56832K, 66% used [0xa3a00000,0xa5ec8388,0xa7180000)
  to   space 57856K, 0% used [0xa8200000,0xa8200000,0xaba80000)
 ParOldGen       total 190208K, used 121015K [0x75f40000, 0x81900000, 0x9edc0000)
  object space 190208K, 63% used [0x75f40000,0x7d56ddd0,0x81900000)
 PSPermGen       total 16384K, used 4471K [0x71f40000, 0x72f40000, 0x75f40000)
  object space 16384K, 27% used [0x71f40000,0x7239de20,0x72f40000)

Deoptimization events (10 events):
Event: 5.579 Thread 0xb6607c00 Uncommon trap: reason=class_check action=maybe_recompile pc=0xb365b3b0 method=edu.stanford.nlp.trees.Tree.value()Ljava/lang/String; @ 1
Event: 5.586 Thread 0xb6607c00 Uncommon trap: reason=bimorphic action=maybe_recompile pc=0xb36ecfcc method=java.util.HashMap.put(Ljava/lang/Object;Ljava/lang/Object;)Ljava/lang/Object; @ 83
Event: 5.661 Thread 0xb6607c00 Uncommon trap: reason=null_check action=make_not_entrant pc=0xb370246c method=edu.stanford.nlp.parser.lexparser.ExhaustivePCFGParser.initializeChart(Ljava/util/List;)V @ 465
Event: 6.195 Thread 0xb6607c00 Uncommon trap: reason=null_check action=make_not_entrant pc=0xb371d918 method=edu.stanford.nlp.ling.CoreLabel.tag()Ljava/lang/String; @ 7
Event: 6.608 Thread 0xb6607c00 Uncommon trap: reason=bimorphic action=maybe_recompile pc=0xb36ecfcc method=java.util.HashMap.put(Ljava/lang/Object;Ljava/lang/Object;)Ljava/lang/Object; @ 83
Event: 6.624 Thread 0xb6607c00 Uncommon trap: reason=null_check action=make_not_entrant pc=0xb3738764 method=edu.stanford.nlp.parser.lexparser.ExhaustivePCFGParser.initializeChart(Ljava/util/List;)V @ 515
Event: 6.906 Thread 0xb6607c00 Uncommon trap: reason=null_check action=make_not_entrant pc=0xb374b09c method=edu.stanford.nlp.ling.CoreLabel.getString(Ljava/lang/Class;)Ljava/lang/String; @ 5
Event: 8.159 Thread 0xb6607c00 Uncommon trap: reason=null_check action=make_not_entrant pc=0xb375cae4 method=edu.stanford.nlp.ling.CoreLabel.getString(Ljava/lang/Class;)Ljava/lang/String; @ 5
Event: 10.036 Thread 0xb6607c00 Uncommon trap: reason=bimorphic action=maybe_recompile pc=0xb36ecfcc method=java.util.HashMap.put(Ljava/lang/Object;Ljava/lang/Object;)Ljava/lang/Object; @ 83
Event: 10.038 Thread 0xb6607c00 Uncommon trap: reason=unreached action=reinterpret pc=0xb370faf4 method=edu.stanford.nlp.trees.tregex.DescriptionPattern$DescriptionMatcher.goToNextTreeNodeMatch()V @ 539

Internal exceptions (10 events):
Event: 3.868 Thread 0xb6607c00 Threw 0xa06169b8 at /HUDSON/workspace/jdk7u40-2-build-linux-i586-product/jdk7u40/hotspot/src/share/vm/prims/jvm.cpp:1244
Event: 3.883 Thread 0xb6607c00 Threw 0xa0661740 at /HUDSON/workspace/jdk7u40-2-build-linux-i586-product/jdk7u40/hotspot/src/share/vm/prims/jvm.cpp:1244
Event: 3.886 Thread 0xb6607c00 Threw 0xa0665df0 at /HUDSON/workspace/jdk7u40-2-build-linux-i586-product/jdk7u40/hotspot/src/share/vm/prims/jvm.cpp:1244
Event: 3.897 Thread 0xb6607c00 Threw 0xa068a3f8 at /HUDSON/workspace/jdk7u40-2-build-linux-i586-product/jdk7u40/hotspot/src/share/vm/prims/jvm.cpp:1244
Event: 4.210 Thread 0xb6607c00 Implicit null exception at 0xb36ba527 to 0xb36bc409
Event: 5.640 Thread 0xb6607c00 Threw 0x9fd396f0 at /HUDSON/workspace/jdk7u40-2-build-linux-i586-product/jdk7u40/hotspot/src/share/vm/prims/jvm.cpp:1244
Event: 5.661 Thread 0xb6607c00 Implicit null exception at 0xb36ff4f0 to 0xb3702455
Event: 6.195 Thread 0xb6607c00 Implicit null exception at 0xb371adf6 to 0xb371d901
Event: 6.906 Thread 0xb6607c00 Implicit null exception at 0xb3747c9a to 0xb374b085
Event: 8.159 Thread 0xb6607c00 Implicit null exception at 0xb375968a to 0xb375cacd

Events (10 events):
Event: 8.159 Thread 0xb6607c00 DEOPT UNPACKING pc=0xb362cbbc sp=0xb67e9d08 mode 2
Event: 10.035 Thread 0xb6607c00 Uncommon trap: trap_request=0xffffffc6 fr.pc=0xb36ecfcc
Event: 10.036 Thread 0xb6607c00 DEOPT PACKING pc=0xb36ecfcc sp=0xb67e9c40
Event: 10.036 Thread 0xb6607c00 DEOPT UNPACKING pc=0xb362cbbc sp=0xb67e9c20 mode 2
Event: 10.038 Thread 0xb6607c00 Uncommon trap: trap_request=0xffffffad fr.pc=0xb370faf4
Event: 10.038 Thread 0xb6607c00 DEOPT PACKING pc=0xb370faf4 sp=0xb67e9940
Event: 10.038 Thread 0xb6607c00 DEOPT UNPACKING pc=0xb362cbbc sp=0xb67e9924 mode 2
Event: 10.048 Executing VM operation: ParallelGCFailedAllocation
Event: 10.090 Executing VM operation: ParallelGCFailedAllocation done
Event: 10.108 Executing VM operation: ParallelGCFailedAllocation


Dynamic libraries:
08048000-08049000 r-xp 00000000 08:05 410375     /usr/lib/jvm/jdk1.7.0_40/bin/java
08049000-0804a000 rw-p 00000000 08:05 410375     /usr/lib/jvm/jdk1.7.0_40/bin/java
094cd000-09552000 rw-p 00000000 00:00 0          [heap]
6d200000-6d2fe000 rw-p 00000000 00:00 0 
6d2fe000-6d300000 ---p 00000000 00:00 0 
6d400000-6d4eb000 rw-p 00000000 00:00 0 
6d4eb000-6d500000 ---p 00000000 00:00 0 
6d600000-6d6f2000 rw-p 00000000 00:00 0 
6d6f2000-6d700000 ---p 00000000 00:00 0 
6d700000-6d730000 rw-p 00000000 00:00 0 
6d730000-6d800000 ---p 00000000 00:00 0 
6d800000-6d8f9000 rw-p 00000000 00:00 0 
6d8f9000-6d900000 ---p 00000000 00:00 0 
6da00000-6dafb000 rw-p 00000000 00:00 0 
6dafb000-6db00000 ---p 00000000 00:00 0 
6dc00000-6dcfd000 rw-p 00000000 00:00 0 
6dcfd000-6dd00000 ---p 00000000 00:00 0 
6de00000-6df00000 rw-p 00000000 00:00 0 
6e000000-6e0fa000 rw-p 00000000 00:00 0 
6e0fa000-6e100000 ---p 00000000 00:00 0 
6e100000-6e1fc000 rw-p 00000000 00:00 0 
6e1fc000-6e200000 ---p 00000000 00:00 0 
6e200000-6e2fc000 rw-p 00000000 00:00 0 
6e2fc000-6e300000 ---p 00000000 00:00 0 
6e399000-6e39a000 ---p 00000000 00:00 0 
6e39a000-6e41a000 rw-p 00000000 00:00 0          [stack:13568]
6e41a000-6e41d000 ---p 00000000 00:00 0 
6e41d000-6e49b000 rw-p 00000000 00:00 0          [stack:13566]
6e49b000-6e600000 r--p 001c8000 08:05 268812     /usr/lib/locale/locale-archive
6e600000-6e800000 r--p 00000000 08:05 268812     /usr/lib/locale/locale-archive
6e800000-6e821000 rw-p 00000000 00:00 0 
6e821000-6e900000 ---p 00000000 00:00 0 
6e92e000-6e931000 ---p 00000000 00:00 0 
6e931000-6e97f000 rw-p 00000000 00:00 0          [stack:13567]
6e97f000-6e982000 ---p 00000000 00:00 0 
6e982000-6ea00000 rw-p 00000000 00:00 0          [stack:13565]
6ea00000-6eaf9000 rw-p 00000000 00:00 0 
6eaf9000-6eb00000 ---p 00000000 00:00 0 
6eb2e000-6eb31000 ---p 00000000 00:00 0 
6eb31000-6eb7f000 rw-p 00000000 00:00 0          [stack:13564]
6eb7f000-6eb80000 ---p 00000000 00:00 0 
6eb80000-6ec00000 rw-p 00000000 00:00 0          [stack:13561]
6ec00000-6ecfe000 rw-p 00000000 00:00 0 
6ecfe000-6ed00000 ---p 00000000 00:00 0 
6ed2c000-6ed2f000 ---p 00000000 00:00 0 
6ed2f000-6ed7d000 rw-p 00000000 00:00 0          [stack:13563]
6ed7d000-6ef3a000 r--s 039d3000 08:05 410388     /usr/lib/jvm/jdk1.7.0_40/jre/lib/rt.jar
6ef3a000-71400000 rw-p 00000000 00:00 0 
71400000-714fc000 rw-p 00000000 00:00 0 
714fc000-71500000 ---p 00000000 00:00 0 
7152e000-71531000 ---p 00000000 00:00 0 
71531000-7157f000 rw-p 00000000 00:00 0          [stack:13562]
7157f000-71580000 ---p 00000000 00:00 0 
71580000-71600000 rw-p 00000000 00:00 0          [stack:13560]
71600000-71621000 rw-p 00000000 00:00 0 
71621000-71700000 ---p 00000000 00:00 0 
7170f000-71734000 r--s 00282000 08:05 680581     /home/xtang/Master_Project/Opinion_Module/stanford-parser-full-2013-06-20/stanford-parser.jar
71734000-7177f000 rw-p 00000000 00:00 0 
7177f000-71780000 ---p 00000000 00:00 0 
71780000-71800000 rw-p 00000000 00:00 0          [stack:13559]
71800000-71821000 rw-p 00000000 00:00 0 
71821000-71900000 ---p 00000000 00:00 0 
71924000-7197f000 rw-p 00000000 00:00 0 
7197f000-71980000 ---p 00000000 00:00 0 
71980000-71a00000 rw-p 00000000 00:00 0          [stack:13558]
71a00000-71a21000 rw-p 00000000 00:00 0 
71a21000-71b00000 ---p 00000000 00:00 0 
71b04000-71b0b000 r--s 000ca000 08:05 679791     /home/xtang/Master_Project/web content extraction/mysql-connector-java-5.1.26/mysql-connector-java-5.1.26-bin.jar
71b0b000-71b23000 r--s 00115000 08:05 680215     /home/xtang/Master_Project/web content extraction/xercesImpl-2.9.1.jar
71b23000-71b32000 r--s 001f2000 08:05 680602     /home/xtang/Master_Project/Opinion_Module/stanford-parser-full-2013-06-20/stanford-parser-3.2.0-sources.jar
71b32000-71b4b000 rw-p 00000000 00:00 0 
71b4b000-71b4c000 ---p 00000000 00:00 0 
71b4c000-71bd4000 rw-p 00000000 00:00 0          [stack:13557]
71bd4000-71bec000 rw-p 00000000 00:00 0 
71bec000-71c49000 rw-p 00000000 00:00 0 
71c49000-71d34000 rw-p 00000000 00:00 0 
71d34000-71d3c000 rw-p 00000000 00:00 0 
71d3c000-71d54000 rw-p 00000000 00:00 0 
71d54000-71db1000 rw-p 00000000 00:00 0 
71db1000-71e9b000 rw-p 00000000 00:00 0 
71e9b000-71f02000 rw-p 00000000 00:00 0 
71f02000-71f3f000 rw-p 00000000 00:00 0 
71f3f000-72f40000 rw-p 00000000 00:00 0 
72f40000-75f40000 rw-p 00000000 00:00 0 
75f40000-81900000 rw-p 00000000 00:00 0 
81900000-9edc0000 rw-p 00000000 00:00 0 
9edc0000-aba80000 rw-p 00000000 00:00 0 
ada64000-ada6b000 r--s 00000000 08:05 412807     /usr/lib/i386-linux-gnu/gconv/gconv-modules.cache
ada6b000-ada80000 r--p 00000000 08:05 541711     /usr/share/locale-langpack/zh_CN/LC_MESSAGES/libc.mo
ada80000-b3540000 rw-p 00000000 00:00 0 
b3540000-b3549000 rw-p 00000000 00:00 0 
b3549000-b3600000 rw-p 00000000 00:00 0 
b3600000-b3840000 rwxp 00000000 00:00 0 
b3840000-b66f6000 rw-p 00000000 00:00 0 
b66f6000-b6700000 ---p 00000000 00:00 0 
b6702000-b6703000 r--s 00003000 08:05 680625     /home/xtang/Master_Project/Opinion_Module/package/thirdparty/javacsv.jar
b6703000-b6707000 r--s 00017000 08:05 680210     /home/xtang/Master_Project/web content extraction/boilerpipe-1.2.0/boilerpipe-1.2.0.jar
b6707000-b671e000 r-xp 00000000 08:05 410950     /usr/lib/jvm/jdk1.7.0_40/jre/lib/i386/libzip.so
b671e000-b671f000 rw-p 00017000 08:05 410950     /usr/lib/jvm/jdk1.7.0_40/jre/lib/i386/libzip.so
b671f000-b672a000 r-xp 00000000 08:05 135664     /lib/i386-linux-gnu/libnss_files-2.15.so
b672a000-b672b000 r--p 0000a000 08:05 135664     /lib/i386-linux-gnu/libnss_files-2.15.so
b672b000-b672c000 rw-p 0000b000 08:05 135664     /lib/i386-linux-gnu/libnss_files-2.15.so
b672c000-b6736000 r-xp 00000000 08:05 135663     /lib/i386-linux-gnu/libnss_nis-2.15.so
b6736000-b6737000 r--p 00009000 08:05 135663     /lib/i386-linux-gnu/libnss_nis-2.15.so
b6737000-b6738000 rw-p 0000a000 08:05 135663     /lib/i386-linux-gnu/libnss_nis-2.15.so
b6738000-b674e000 r-xp 00000000 08:05 135575     /lib/i386-linux-gnu/libnsl-2.15.so
b674e000-b674f000 r--p 00015000 08:05 135575     /lib/i386-linux-gnu/libnsl-2.15.so
b674f000-b6750000 rw-p 00016000 08:05 135575     /lib/i386-linux-gnu/libnsl-2.15.so
b6750000-b6752000 rw-p 00000000 00:00 0 
b6752000-b6759000 r-xp 00000000 08:05 135665     /lib/i386-linux-gnu/libnss_compat-2.15.so
b6759000-b675a000 r--p 00006000 08:05 135665     /lib/i386-linux-gnu/libnss_compat-2.15.so
b675a000-b675b000 rw-p 00007000 08:05 135665     /lib/i386-linux-gnu/libnss_compat-2.15.so
b675b000-b675e000 r--s 00043000 08:05 680784     /home/xtang/Master_Project/Opinion_Module/package/module.jar
b675e000-b6761000 r--s 0001c000 08:05 680220     /home/xtang/Master_Project/web content extraction/nekohtml-1.9.18/nekohtml.jar
b6761000-b6765000 r--s 000f7000 08:05 410881     /usr/lib/jvm/jdk1.7.0_40/jre/lib/ext/localedata.jar
b6765000-b676d000 rw-s 00000000 08:05 142685     /tmp/hsperfdata_xtang/13550
b676d000-b6790000 r-xp 00000000 08:05 410913     /usr/lib/jvm/jdk1.7.0_40/jre/lib/i386/libjava.so
b6790000-b6791000 rw-p 00022000 08:05 410913     /usr/lib/jvm/jdk1.7.0_40/jre/lib/i386/libjava.so
b6791000-b6798000 r-xp 00000000 08:05 135658     /lib/i386-linux-gnu/librt-2.15.so
b6798000-b6799000 r--p 00006000 08:05 135658     /lib/i386-linux-gnu/librt-2.15.so
b6799000-b679a000 rw-p 00007000 08:05 135658     /lib/i386-linux-gnu/librt-2.15.so
b679a000-b679d000 ---p 00000000 00:00 0 
b679d000-b67eb000 rw-p 00000000 00:00 0          [stack:13556]
b67eb000-b6815000 r-xp 00000000 08:05 135662     /lib/i386-linux-gnu/libm-2.15.so
b6815000-b6816000 r--p 00029000 08:05 135662     /lib/i386-linux-gnu/libm-2.15.so
b6816000-b6817000 rw-p 0002a000 08:05 135662     /lib/i386-linux-gnu/libm-2.15.so
b6817000-b708e000 r-xp 00000000 08:05 410949     /usr/lib/jvm/jdk1.7.0_40/jre/lib/i386/server/libjvm.so
b708e000-b70f2000 rw-p 00877000 08:05 410949     /usr/lib/jvm/jdk1.7.0_40/jre/lib/i386/server/libjvm.so
b70f2000-b7516000 rw-p 00000000 00:00 0 
b7516000-b76ba000 r-xp 00000000 08:05 135667     /lib/i386-linux-gnu/libc-2.15.so
b76ba000-b76bc000 r--p 001a4000 08:05 135667     /lib/i386-linux-gnu/libc-2.15.so
b76bc000-b76bd000 rw-p 001a6000 08:05 135667     /lib/i386-linux-gnu/libc-2.15.so
b76bd000-b76c0000 rw-p 00000000 00:00 0 
b76c0000-b76c3000 r-xp 00000000 08:05 135666     /lib/i386-linux-gnu/libdl-2.15.so
b76c3000-b76c4000 r--p 00002000 08:05 135666     /lib/i386-linux-gnu/libdl-2.15.so
b76c4000-b76c5000 rw-p 00003000 08:05 135666     /lib/i386-linux-gnu/libdl-2.15.so
b76c5000-b76d8000 r-xp 00000000 08:05 410917     /usr/lib/jvm/jdk1.7.0_40/jre/lib/i386/jli/libjli.so
b76d8000-b76d9000 rw-p 00012000 08:05 410917     /usr/lib/jvm/jdk1.7.0_40/jre/lib/i386/jli/libjli.so
b76d9000-b76da000 rw-p 00000000 00:00 0 
b76da000-b76f1000 r-xp 00000000 08:05 135583     /lib/i386-linux-gnu/libpthread-2.15.so
b76f1000-b76f2000 r--p 00016000 08:05 135583     /lib/i386-linux-gnu/libpthread-2.15.so
b76f2000-b76f3000 rw-p 00017000 08:05 135583     /lib/i386-linux-gnu/libpthread-2.15.so
b76f3000-b76f5000 rw-p 00000000 00:00 0 
b76f5000-b76f7000 r--s 00009000 08:05 680628     /home/xtang/Master_Project/Opinion_Module/package/thirdparty/commons-cli-1.2.jar
b76f7000-b76f8000 r--s 0aec3000 08:05 680578     /home/xtang/Master_Project/Opinion_Module/stanford-parser-full-2013-06-20/stanford-parser-3.2.0-models.jar
b76f8000-b76f9000 r--p 005e0000 08:05 268812     /usr/lib/locale/locale-archive
b76f9000-b76fa000 rw-p 00000000 00:00 0 
b76fa000-b76fb000 ---p 00000000 00:00 0 
b76fb000-b7706000 r-xp 00000000 08:05 410895     /usr/lib/jvm/jdk1.7.0_40/jre/lib/i386/libverify.so
b7706000-b7707000 rw-p 0000b000 08:05 410895     /usr/lib/jvm/jdk1.7.0_40/jre/lib/i386/libverify.so
b7707000-b7709000 rw-p 00000000 00:00 0 
b7709000-b770a000 r-xp 00000000 00:00 0          [vdso]
b770a000-b772a000 r-xp 00000000 08:05 135657     /lib/i386-linux-gnu/ld-2.15.so
b772a000-b772b000 r--p 0001f000 08:05 135657     /lib/i386-linux-gnu/ld-2.15.so
b772b000-b772c000 rw-p 00020000 08:05 135657     /lib/i386-linux-gnu/ld-2.15.so
bfe0a000-bfe2b000 rw-p 00000000 00:00 0          [stack]

VM Arguments:
jvm_args: -Dfile.encoding=UTF-8 
java_command: ch.epfl.lia.main.Main
Launcher Type: SUN_STANDARD

Environment Variables:
PATH=/usr/lib/lightdm/lightdm:/usr/local/sbin:/usr/local/bin:/usr/sbin:/usr/bin:/sbin:/bin:/usr/games
LD_LIBRARY_PATH=/usr/lib/jvm/jdk1.7.0_40/jre/lib/i386/server:/usr/lib/jvm/jdk1.7.0_40/jre/lib/i386:/usr/lib/jvm/jdk1.7.0_40/jre/../lib/i386:/usr/lib/jvm/jdk1.7.0_40/jre/lib/i386/client:/usr/lib/jvm/jdk1.7.0_40/jre/lib/i386:
SHELL=/bin/bash
DISPLAY=:0.0

Signal Handlers:
SIGSEGV: [libjvm.so+0x7dcc00], sa_mask[0]=0x7ffbfeff, sa_flags=0x10000004
SIGBUS: [libjvm.so+0x7dcc00], sa_mask[0]=0x7ffbfeff, sa_flags=0x10000004
SIGFPE: [libjvm.so+0x678400], sa_mask[0]=0x7ffbfeff, sa_flags=0x10000004
SIGPIPE: [libjvm.so+0x678400], sa_mask[0]=0x7ffbfeff, sa_flags=0x10000004
SIGXFSZ: [libjvm.so+0x678400], sa_mask[0]=0x7ffbfeff, sa_flags=0x10000004
SIGILL: [libjvm.so+0x678400], sa_mask[0]=0x7ffbfeff, sa_flags=0x10000004
SIGUSR1: SIG_DFL, sa_mask[0]=0x00000000, sa_flags=0x00000000
SIGUSR2: [libjvm.so+0x6798f0], sa_mask[0]=0x00000004, sa_flags=0x10000004
SIGHUP: [libjvm.so+0x67aa40], sa_mask[0]=0x7ffbfeff, sa_flags=0x10000004
SIGINT: [libjvm.so+0x67aa40], sa_mask[0]=0x7ffbfeff, sa_flags=0x10000004
SIGTERM: [libjvm.so+0x67aa40], sa_mask[0]=0x7ffbfeff, sa_flags=0x10000004
SIGQUIT: [libjvm.so+0x67aa40], sa_mask[0]=0x7ffbfeff, sa_flags=0x10000004


---------------  S Y S T E M  ---------------

OS:wheezy/sid

uname:Linux 3.8.0-32-generic #47~precise1-Ubuntu SMP Wed Oct 2 16:22:28 UTC 2013 i686
libc:glibc 2.15 NPTL 2.15 
rlimit: STACK 8192k, CORE 0k, NPROC 31250, NOFILE 4096, AS infinity
load average:2.44 0.70 0.47

/proc/meminfo:
MemTotal:        4016612 kB
MemFree:          205080 kB
Buffers:             124 kB
Cached:           423812 kB
SwapCached:            0 kB
Active:          3480308 kB
Inactive:         236836 kB
Active(anon):    3477912 kB
Inactive(anon):   230772 kB
Active(file):       2396 kB
Inactive(file):     6064 kB
Unevictable:          24 kB
Mlocked:              24 kB
HighTotal:       3163784 kB
HighFree:          19832 kB
LowTotal:         852828 kB
LowFree:          185248 kB
SwapTotal:             0 kB
SwapFree:              0 kB
Dirty:                68 kB
Writeback:             0 kB
AnonPages:       3293300 kB
Mapped:            32336 kB
Shmem:            415412 kB
Slab:              43772 kB
SReclaimable:      22248 kB
SUnreclaim:        21524 kB
KernelStack:        4376 kB
PageTables:        15820 kB
NFS_Unstable:          0 kB
Bounce:               44 kB
WritebackTmp:          0 kB
CommitLimit:     2008304 kB
Committed_AS:    6428816 kB
VmallocTotal:     122880 kB
VmallocUsed:       16108 kB
VmallocChunk:      53044 kB
HardwareCorrupted:     0 kB
AnonHugePages:         0 kB
HugePages_Total:       0
HugePages_Free:        0
HugePages_Rsvd:        0
HugePages_Surp:        0
Hugepagesize:       2048 kB
DirectMap4k:       10232 kB
DirectMap2M:      903168 kB


CPU:total 4 (2 cores per cpu, 2 threads per core) family 6 model 42 stepping 7, cmov, cx8, fxsr, mmx, sse, sse2, sse3, ssse3, sse4.1, sse4.2, popcnt, avx, aes, ht, tsc, tscinvbit

/proc/cpuinfo:
processor	: 0
vendor_id	: GenuineIntel
cpu family	: 6
model		: 42
model name	: Intel(R) Core(TM) i5-2540M CPU @ 2.60GHz
stepping	: 7
microcode	: 0x25
cpu MHz		: 1200.000
cache size	: 3072 KB
physical id	: 0
siblings	: 4
core id		: 0
cpu cores	: 2
apicid		: 0
initial apicid	: 0
fdiv_bug	: no
hlt_bug		: no
f00f_bug	: no
coma_bug	: no
fpu		: yes
fpu_exception	: yes
cpuid level	: 13
wp		: yes
flags		: fpu vme de pse tsc msr pae mce cx8 apic sep mtrr pge mca cmov pat pse36 clflush dts acpi mmx fxsr sse sse2 ss ht tm pbe nx rdtscp lm constant_tsc arch_perfmon pebs bts xtopology nonstop_tsc aperfmperf eagerfpu pni pclmulqdq dtes64 monitor ds_cpl vmx smx est tm2 ssse3 cx16 xtpr pdcm pcid sse4_1 sse4_2 x2apic popcnt tsc_deadline_timer aes xsave avx lahf_lm ida arat epb xsaveopt pln pts dtherm tpr_shadow vnmi flexpriority ept vpid
bogomips	: 5183.03
clflush size	: 64
cache_alignment	: 64
address sizes	: 36 bits physical, 48 bits virtual
power management:

processor	: 1
vendor_id	: GenuineIntel
cpu family	: 6
model		: 42
model name	: Intel(R) Core(TM) i5-2540M CPU @ 2.60GHz
stepping	: 7
microcode	: 0x25
cpu MHz		: 800.000
cache size	: 3072 KB
physical id	: 0
siblings	: 4
core id		: 0
cpu cores	: 2
apicid		: 1
initial apicid	: 1
fdiv_bug	: no
hlt_bug		: no
f00f_bug	: no
coma_bug	: no
fpu		: yes
fpu_exception	: yes
cpuid level	: 13
wp		: yes
flags		: fpu vme de pse tsc msr pae mce cx8 apic sep mtrr pge mca cmov pat pse36 clflush dts acpi mmx fxsr sse sse2 ss ht tm pbe nx rdtscp lm constant_tsc arch_perfmon pebs bts xtopology nonstop_tsc aperfmperf eagerfpu pni pclmulqdq dtes64 monitor ds_cpl vmx smx est tm2 ssse3 cx16 xtpr pdcm pcid sse4_1 sse4_2 x2apic popcnt tsc_deadline_timer aes xsave avx lahf_lm ida arat epb xsaveopt pln pts dtherm tpr_shadow vnmi flexpriority ept vpid
bogomips	: 5183.03
clflush size	: 64
cache_alignment	: 64
address sizes	: 36 bits physical, 48 bits virtual
power management:

processor	: 2
vendor_id	: GenuineIntel
cpu family	: 6
model		: 42
model name	: Intel(R) Core(TM) i5-2540M CPU @ 2.60GHz
stepping	: 7
microcode	: 0x25
cpu MHz		: 1400.000
cache size	: 3072 KB
physical id	: 0
siblings	: 4
core id		: 1
cpu cores	: 2
apicid		: 2
initial apicid	: 2
fdiv_bug	: no
hlt_bug		: no
f00f_bug	: no
coma_bug	: no
fpu		: yes
fpu_exception	: yes
cpuid level	: 13
wp		: yes
flags		: fpu vme de pse tsc msr pae mce cx8 apic sep mtrr pge mca cmov pat pse36 clflush dts acpi mmx fxsr sse sse2 ss ht tm pbe nx rdtscp lm constant_tsc arch_perfmon pebs bts xtopology nonstop_tsc aperfmperf eagerfpu pni pclmulqdq dtes64 monitor ds_cpl vmx smx est tm2 ssse3 cx16 xtpr pdcm pcid sse4_1 sse4_2 x2apic popcnt tsc_deadline_timer aes xsave avx lahf_lm ida arat epb xsaveopt pln pts dtherm tpr_shadow vnmi flexpriority ept vpid
bogomips	: 5183.03
clflush size	: 64
cache_alignment	: 64
address sizes	: 36 bits physical, 48 bits virtual
power management:

processor	: 3
vendor_id	: GenuineIntel
cpu family	: 6
model		: 42
model name	: Intel(R) Core(TM) i5-2540M CPU @ 2.60GHz
stepping	: 7
microcode	: 0x25
cpu MHz		: 800.000
cache size	: 3072 KB
physical id	: 0
siblings	: 4
core id		: 1
cpu cores	: 2
apicid		: 3
initial apicid	: 3
fdiv_bug	: no
hlt_bug		: no
f00f_bug	: no
coma_bug	: no
fpu		: yes
fpu_exception	: yes
cpuid level	: 13
wp		: yes
flags		: fpu vme de pse tsc msr pae mce cx8 apic sep mtrr pge mca cmov pat pse36 clflush dts acpi mmx fxsr sse sse2 ss ht tm pbe nx rdtscp lm constant_tsc arch_perfmon pebs bts xtopology nonstop_tsc aperfmperf eagerfpu pni pclmulqdq dtes64 monitor ds_cpl vmx smx est tm2 ssse3 cx16 xtpr pdcm pcid sse4_1 sse4_2 x2apic popcnt tsc_deadline_timer aes xsave avx lahf_lm ida arat epb xsaveopt pln pts dtherm tpr_shadow vnmi flexpriority ept vpid
bogomips	: 5183.03
clflush size	: 64
cache_alignment	: 64
address sizes	: 36 bits physical, 48 bits virtual
power management:



Memory: 4k page, physical 4016612k(202600k free), swap 0k(0k free)

vm_info: Java HotSpot(TM) Server VM (24.0-b56) for linux-x86 JRE (1.7.0_40-b43), built on Aug 26 2013 22:01:21 by "java_re" with gcc 4.3.0 20080428 (Red Hat 4.3.0-8)

time: Tue Oct 29 16:02:51 2013
elapsed time: 24 seconds

